<?xml version="1.0" encoding="UTF-8"?>
<!-- Generated by org.testng.reporters.JUnitReportReporter -->
<testsuite hostname="LAPTOP-AG811B6D" failures="0" tests="1" name="testClasses.TC_004_Practice_RadioButton" time="8.895" errors="0" timestamp="2024-09-24T18:38:47 IST" skipped="0">
  <testcase classname="testClasses.TC_004_Practice_RadioButton" name="TC_004_RadioButton" time="8.895"/>
</testsuite> <!-- testClasses.TC_004_Practice_RadioButton -->
