<?xml version="1.0" encoding="UTF-8"?>
<!-- Generated by org.testng.reporters.JUnitReportReporter -->
<testsuite hostname="LAPTOP-AG811B6D" failures="0" tests="1" name="testClasses.TC_007_Practice_DelayedAlertHandling" time="15.624" errors="0" timestamp="2024-09-24T23:21:35 IST" skipped="0">
  <testcase classname="testClasses.TC_007_Practice_DelayedAlertHandling" name="TC_005_AlertHAndling" time="15.624"/>
</testsuite> <!-- testClasses.TC_007_Practice_DelayedAlertHandling -->
