<?xml version="1.0" encoding="UTF-8"?>
<!-- Generated by org.testng.reporters.JUnitReportReporter -->
<testsuite hostname="LAPTOP-AG811B6D" failures="0" tests="1" name="testClasses.TC_006_Practice_ConfirmAlertHandling" time="9.172" errors="0" timestamp="2024-09-24T23:19:07 IST" skipped="0">
  <testcase classname="testClasses.TC_006_Practice_ConfirmAlertHandling" name="TC_005_AlertHAndling" time="9.172"/>
</testsuite> <!-- testClasses.TC_006_Practice_ConfirmAlertHandling -->
