<?xml version="1.0" encoding="UTF-8"?>
<!-- Generated by org.testng.reporters.JUnitReportReporter -->
<testsuite hostname="LAPTOP-AG811B6D" failures="0" tests="1" name="testClasses.TC_010_Practice_NewTabHandles" time="3.237" errors="0" timestamp="2024-09-25T10:59:26 IST" skipped="0">
  <testcase classname="testClasses.TC_010_Practice_NewTabHandles" name="TC_010_TabHandles" time="3.237"/>
</testsuite> <!-- testClasses.TC_010_Practice_NewTabHandles -->
