<?xml version="1.0" encoding="UTF-8"?>
<!-- Generated by org.testng.reporters.JUnitReportReporter -->
<testsuite hostname="LAPTOP-AG811B6D" failures="0" tests="1" name="testClasses.TC_002_Practice_Login_Test" time="7.516" errors="0" timestamp="2024-09-24T16:37:43 IST" skipped="0">
  <testcase classname="testClasses.TC_002_Practice_Login_Test" name="TC_002_login" time="7.516"/>
</testsuite> <!-- testClasses.TC_002_Practice_Login_Test -->
