<?xml version="1.0" encoding="UTF-8"?>
<!-- Generated by org.testng.reporters.JUnitReportReporter -->
<testsuite hostname="LAPTOP-AG811B6D" failures="0" tests="1" name="testClasses.TC_008_Practice_PromptAlertHandling" time="11.529" errors="0" timestamp="2024-09-24T23:22:38 IST" skipped="0">
  <testcase classname="testClasses.TC_008_Practice_PromptAlertHandling" name="TC_005_AlertHAndling" time="11.529"/>
</testsuite> <!-- testClasses.TC_008_Practice_PromptAlertHandling -->
