<?xml version="1.0" encoding="UTF-8"?>
<!-- Generated by org.testng.reporters.JUnitReportReporter -->
<testsuite hostname="LAPTOP-AG811B6D" failures="0" tests="1" name="testClasses.TC_009_Practice_HandleModalPopups" time="13.195" errors="0" timestamp="2024-09-24T23:53:55 IST" skipped="0">
  <testcase classname="testClasses.TC_009_Practice_HandleModalPopups" name="TC_009_HandleModalPopups" time="13.195"/>
</testsuite> <!-- testClasses.TC_009_Practice_HandleModalPopups -->
