<?xml version="1.0" encoding="UTF-8"?>
<!-- Generated by org.testng.reporters.JUnitReportReporter -->
<testsuite hostname="LAPTOP-AG811B6D" failures="0" tests="1" name="testClasses.TC_005_Practice_AlertHandling" time="9.981" errors="0" timestamp="2024-09-24T23:18:20 IST" skipped="0">
  <testcase classname="testClasses.TC_005_Practice_AlertHandling" name="TC_005_AlertHAndling" time="9.981"/>
</testsuite> <!-- testClasses.TC_005_Practice_AlertHandling -->
