<?xml version="1.0" encoding="UTF-8"?>
<!-- Generated by org.testng.reporters.JUnitReportReporter -->
<testsuite hostname="LAPTOP-AG811B6D" failures="0" tests="1" name="testClasses.TC_011_Practice_NewWindowHandles" time="2.806" errors="0" timestamp="2024-09-25T10:59:49 IST" skipped="0">
  <testcase classname="testClasses.TC_011_Practice_NewWindowHandles" name="TC_010_TabHandles" time="2.806"/>
</testsuite> <!-- testClasses.TC_011_Practice_NewWindowHandles -->
